<?xml version="1.0" encoding="UTF-8"?>
<testsuite xmlns:xsi="http://www.w3.org/2001/XMLSchema-instance" xsi:noNamespaceSchemaLocation="https://maven.apache.org/surefire/maven-surefire-plugin/xsd/surefire-test-report-3.0.xsd" version="3.0" name="com.example.Docker_lekciq.DockerLekciqApplicationTests" time="2.64" tests="1" errors="0" skipped="0" failures="0">
  <properties>
[...]
</properties>
  <testcase name="contextLoads" classname="com.example.Docker_lekciq.DockerLekciqApplicationTests" time="0.688">
    <system-out><![CDATA[19:26:07.068 [main] INFO org.springframework.test.context.support.AnnotationConfigContextLoaderUtils -- Could not detect default configuration classes for test class [com.example.Docker_lekciq.DockerLekciqApplicationTests]: DockerLekciqApplicationTests does not declare any static, non-private, non-final, nested classes annotated with @Configuration.
19:26:07.162 [main] INFO org.springframework.boot.test.context.SpringBootTestContextBootstrapper -- Found @SpringBootConfiguration com.example.Docker_lekciq.DockerLekciqApplication for test class com.example.Docker_lekciq.DockerLekciqApplicationTests
  .   ____          _            __ _ _
 /\\ / ___'_ __ _ _(_)_ __  __ _ \ \ \ \
( ( )\___ | '_ | '_| | '_ \/ _` | \ \ \ \
 \\/  ___)| |_)| | | | | || (_| |  ) ) ) )
  '  |____| .__|_| |_|_| |_\__, | / / / /
 =========|_|==============|___/=/_/_/_/

 :: Spring Boot ::                (v3.3.0)

2024-06-19T19:26:07.526+03:00  INFO 83282 --- [Docker-lekciq] [           main] c.e.D.DockerLekciqApplicationTests       : Starting DockerLekciqApplicationTests using Java 22.0.1 with PID 83282 (started by mirkaanstefanov in /Users/mirkaanstefanov/Desktop/Docker-lekciq)
2024-06-19T19:26:07.527+03:00  INFO 83282 --- [Docker-lekciq] [           main] c.e.D.DockerLekciqApplicationTests       : No active profile set, falling back to 1 default profile: "default"
2024-06-19T19:26:08.837+03:00  INFO 83282 --- [Docker-lekciq] [           main] c.e.D.DockerLekciqApplicationTests       : Started DockerLekciqApplicationTests in 1.57 seconds (process running for 2.432)
]]></system-out>
    <system-err><![CDATA[WARNING: A Java agent has been loaded dynamically (/Users/mirkaanstefanov/.m2/repository/net/bytebuddy/byte-buddy-agent/1.14.16/byte-buddy-agent-1.14.16.jar)
WARNING: If a serviceability tool is in use, please run with -XX:+EnableDynamicAgentLoading to hide this warning
WARNING: If a serviceability tool is not in use, please run with -Djdk.instrument.traceUsage for more information
WARNING: Dynamic loading of agents will be disallowed by default in a future release
]]></system-err>
  </testcase>
</testsuite>